2026-01-27 15:21:14 Scraping terminé
2026-01-27 17:09:13 Scraping terminé
2026-01-27 19:01:03 Scraping terminé
2026-01-28 11:01:19 Scraping terminé
2026-01-28 19:02:01 Scraping terminé
2026-01-28 23:40:24 Scraping terminé
2026-01-29 11:01:34 Scraping terminé
2026-01-29 15:27:04 Scraping terminé
2026-01-29 18:07:57 Scraping terminé
2026-01-29 18:12:29 Scraping terminé
2026-02-06 01:24:16 Scraping terminé
2026-02-06 11:43:07 Scraping terminé
2026-02-06 13:55:20 Scraping terminé
2026-02-06 17:29:06 Scraping terminé
2026-02-06 20:00:35 Scraping terminé
2026-02-06 20:05:03 Scraping terminé
2026-02-07 14:13:01 Scraping terminé
2026-02-07 19:01:29 Scraping terminé
2026-02-07 21:07:03 Scraping terminé
2026-02-08 11:02:09 Scraping terminé
2026-02-08 19:00:43 Scraping terminé
2026-02-08 23:30:14 Scraping terminé
2026-02-09 11:03:33 Scraping terminé
2026-02-09 11:04:41 Scraping terminé
2026-02-09 13:59:10 Scraping terminé
2026-02-09 18:44:04 Scraping terminé
2026-02-09 19:01:35 Scraping terminé
2026-02-10 11:02:09 Scraping terminé
2026-02-10 14:26:41 Scraping terminé
2026-02-10 19:51:13 Scraping terminé
2026-02-10 19:54:14 Scraping terminé
2026-02-11 12:35:10 Scraping terminé
2026-02-11 12:39:48 Scraping terminé
2026-02-11 15:43:07 Scraping terminé
2026-02-11 19:18:54 Scraping terminé
2026-02-11 19:23:09 Scraping terminé
2026-02-12 11:00:54 Scraping terminé
2026-02-12 18:58:49 Scraping terminé
2026-02-12 19:02:56 Scraping terminé
2026-02-13 09:57:14 Scraping terminé
2026-02-13 10:48:21 Scraping terminé
2026-02-13 14:15:11 Scraping terminé
2026-02-13 14:19:35 Scraping terminé
2026-02-13 18:50:00 Scraping terminé
2026-02-13 19:10:30 Scraping terminé
2026-02-13 20:44:21 Scraping terminé
2026-02-14 11:00:45 Scraping terminé
2026-02-14 17:18:00 Scraping terminé
2026-02-14 19:01:10 Scraping terminé
2026-02-15 11:51:18 Scraping terminé
2026-02-15 11:55:54 Scraping terminé
2026-02-15 18:31:31 Scraping terminé
2026-02-15 19:01:44 Scraping terminé
2026-02-16 11:55:08 Scraping terminé
2026-02-17 13:38:23 Scraping terminé
2026-02-17 13:39:28 Scraping terminé
{'events': []}
{'events': []}
{'events': []}
{'events': []}
{'events': []}
{'events': [{'event_summary': 'IDF holds confidential meeting on home front readiness for potential Iranian attack', 'typologie': 'POL', 'strategic_importance': 2, 'main_location': 'Jerusalem, Israel', 'location_type': 'explicit', 'latitude': 31.78, 'longitude': 35.22, 'confidence': 'high'}]}
Traceback (most recent call last):
  File "/home/eos/PORTFOLIO/servers/twitter_conflicts_server/python_script/feed.py", line 131, in <module>
    cur.execute("""
    ~~~~~~~~~~~^^^^
    INSERT INTO public.TWEETS (tweet_id, date_published, url, author, body, accuracy, importance, typology, summary, GEOM)
    ^^^^^^^^^^^^^^^^^^^^^^^^^^^^^^^^^^^^^^^^^^^^^^^^^^^^^^^^^^^^^^^^^^^^^^^^^^^^^^^^^^^^^^^^^^^^^^^^^^^^^^^^^^^^^^^^^^^^^^
    ...<4 lines>...
        """,
        ^^^^
    (item["id"], item["date"], item["link"], item["author"], item["title"], tweet_accuracy, strategic_importance, typology, event_summary, geom_wkt, geom_wkt))
    ^^^^^^^^^^^^^^^^^^^^^^^^^^^^^^^^^^^^^^^^^^^^^^^^^^^^^^^^^^^^^^^^^^^^^^^^^^^^^^^^^^^^^^^^^^^^^^^^^^^^^^^^^^^^^^^^^^^^^^^^^^^^^^^^^^^^^^^^^^^^^^^^^^^^^^^^^^^
psycopg2.errors.UniqueViolation: duplicate key value violates unique constraint "tweets_pkey"
DETAIL:  Key (tweet_id)=(2023830047203656013) already exists.

{'events': []}
{'events': []}
{'events': []}
{'events': []}
{'events': []}
{'events': [{'event_summary': 'China tests blockades in the South China Sea using 2000 fishing fleet boats in holding patterns', 'typologie': 'MOVE', 'strategic_importance': 3, 'main_location': 'South China Sea', 'location_type': 'inferred', 'latitude': 10.0, 'longitude': 115.0, 'confidence': 'medium'}]}
Traceback (most recent call last):
  File "/home/eos/PORTFOLIO/servers/twitter_conflicts_server/python_script/feed.py", line 131, in <module>
    cur.execute("""
    ~~~~~~~~~~~^^^^
    INSERT INTO public.TWEETS (tweet_id, date_published, url, author, body, accuracy, importance, typology, summary, GEOM)
    ^^^^^^^^^^^^^^^^^^^^^^^^^^^^^^^^^^^^^^^^^^^^^^^^^^^^^^^^^^^^^^^^^^^^^^^^^^^^^^^^^^^^^^^^^^^^^^^^^^^^^^^^^^^^^^^^^^^^^^
    ...<4 lines>...
        """,
        ^^^^
    (item["id"], item["date"], item["link"], item["author"], item["title"], tweet_accuracy, strategic_importance, typology, event_summary, geom_wkt, geom_wkt))
    ^^^^^^^^^^^^^^^^^^^^^^^^^^^^^^^^^^^^^^^^^^^^^^^^^^^^^^^^^^^^^^^^^^^^^^^^^^^^^^^^^^^^^^^^^^^^^^^^^^^^^^^^^^^^^^^^^^^^^^^^^^^^^^^^^^^^^^^^^^^^^^^^^^^^^^^^^^^
psycopg2.errors.UniqueViolation: duplicate key value violates unique constraint "tweets_pkey"
DETAIL:  Key (tweet_id)=(2023812776649748911) already exists.

{'events': []}
{'events': []}
{'events': []}
{'events': []}
{'events': []}
{'events': []}
{'events': [{'event_summary': 'Redeployment of more than 50 US F-35, F-22 and F-16 fighters and 33 warships, including USS Gerald R Ford and several guided missile destroyers, to the Middle East region', 'typologie': 'MOVE', 'strategic_importance': 2, 'main_location': 'Unknown', 'location_type': 'unknown', 'latitude': None, 'longitude': None, 'confidence': 'low'}]}
Traceback (most recent call last):
  File "/home/eos/PORTFOLIO/servers/twitter_conflicts_server/python_script/feed.py", line 131, in <module>
    cur.execute("""
    ~~~~~~~~~~~^^^^
    INSERT INTO public.TWEETS (tweet_id, date_published, url, author, body, accuracy, importance, typology, summary, GEOM)
    ^^^^^^^^^^^^^^^^^^^^^^^^^^^^^^^^^^^^^^^^^^^^^^^^^^^^^^^^^^^^^^^^^^^^^^^^^^^^^^^^^^^^^^^^^^^^^^^^^^^^^^^^^^^^^^^^^^^^^^
    ...<4 lines>...
        """,
        ^^^^
    (item["id"], item["date"], item["link"], item["author"], item["title"], tweet_accuracy, strategic_importance, typology, event_summary, geom_wkt, geom_wkt))
    ^^^^^^^^^^^^^^^^^^^^^^^^^^^^^^^^^^^^^^^^^^^^^^^^^^^^^^^^^^^^^^^^^^^^^^^^^^^^^^^^^^^^^^^^^^^^^^^^^^^^^^^^^^^^^^^^^^^^^^^^^^^^^^^^^^^^^^^^^^^^^^^^^^^^^^^^^^^
psycopg2.errors.UniqueViolation: duplicate key value violates unique constraint "tweets_pkey"
DETAIL:  Key (tweet_id)=(2023854311525281976) already exists.

